# JRE version: Java(TM) SE Runtime Environment (8.0_45-b14) (build 1.8.0_45-b14)
# Java VM: Java HotSpot(TM) 64-Bit Server VM (25.45-b02 mixed mode bsd-amd64 compressed oops)
Heap:
 PSYoungGen      total 306688K, used 6588K [0x00000007aab00000, 0x00000007bfe80000, 0x00000007c0000000)
  eden space 264192K, 2% used [0x00000007aab00000,0x00000007ab16f050,0x00000007bad00000)
  from space 42496K, 0% used [0x00000007bad00000,0x00000007bad00000,0x00000007bd680000)
  to   space 40448K, 0% used [0x00000007bd700000,0x00000007bd700000,0x00000007bfe80000)
 ParOldGen       total 137728K, used 98716K [0x0000000780000000, 0x0000000788680000, 0x00000007aab00000)
  object space 137728K, 71% used [0x0000000780000000,0x00000007860670e8,0x0000000788680000)
 Metaspace       used 81503K, capacity 85190K, committed 85760K, reserved 1122304K
  class space    used 10897K, capacity 12305K, committed 12544K, reserved 1048576K
GC Heap History (10 events):
Event: 6641.740 GC heap before
{Heap before GC invocations=25 (full 8):
 PSYoungGen      total 311296K, used 194021K [0x00000007aab00000, 0x00000007c0000000, 0x00000007c0000000)
  eden space 276480K, 60% used [0x00000007aab00000,0x00000007b4f03308,0x00000007bb900000)
  from space 34816K, 74% used [0x00000007bde00000,0x00000007bf776260,0x00000007c0000000)
  to   space 36352K, 0% used [0x00000007bb900000,0x00000007bb900000,0x00000007bdc80000)
 ParOldGen       total 137728K, used 63663K [0x0000000780000000, 0x0000000788680000, 0x00000007aab00000)
  object space 137728K, 46% used [0x0000000780000000,0x0000000783e2bee8,0x0000000788680000)
 Metaspace       used 73024K, capacity 76408K, committed 76928K, reserved 1114112K
  class space    used 9752K, capacity 11047K, committed 11392K, reserved 1048576K
Event: 6641.775 GC heap after
Heap after GC invocations=25 (full 8):
 PSYoungGen      total 312832K, used 36341K [0x00000007aab00000, 0x00000007c0000000, 0x00000007c0000000)
  eden space 276480K, 0% used [0x00000007aab00000,0x00000007aab00000,0x00000007bb900000)
  from space 36352K, 99% used [0x00000007bb900000,0x00000007bdc7d490,0x00000007bdc80000)
  to   space 36352K, 0% used [0x00000007bdc80000,0x00000007bdc80000,0x00000007c0000000)
 ParOldGen       total 137728K, used 65877K [0x0000000780000000, 0x0000000788680000, 0x00000007aab00000)
  object space 137728K, 47% used [0x0000000780000000,0x0000000784055660,0x0000000788680000)
 Metaspace       used 73024K, capacity 76408K, committed 76928K, reserved 1114112K
  class space    used 9752K, capacity 11047K, committed 11392K, reserved 1048576K
}
Event: 6641.775 GC heap before
{Heap before GC invocations=26 (full 9):
 PSYoungGen      total 312832K, used 36341K [0x00000007aab00000, 0x00000007c0000000, 0x00000007c0000000)
  eden space 276480K, 0% used [0x00000007aab00000,0x00000007aab00000,0x00000007bb900000)
  from space 36352K, 99% used [0x00000007bb900000,0x00000007bdc7d490,0x00000007bdc80000)
  to   space 36352K, 0% used [0x00000007bdc80000,0x00000007bdc80000,0x00000007c0000000)
 ParOldGen       total 137728K, used 65877K [0x0000000780000000, 0x0000000788680000, 0x00000007aab00000)
  object space 137728K, 47% used [0x0000000780000000,0x0000000784055660,0x0000000788680000)
 Metaspace       used 73024K, capacity 76408K, committed 76928K, reserved 1114112K
  class space    used 9752K, capacity 11047K, committed 11392K, reserved 1048576K
Event: 6642.336 GC heap after
Heap after GC invocations=26 (full 9):
 PSYoungGen      total 312832K, used 0K [0x00000007aab00000, 0x00000007c0000000, 0x00000007c0000000)
  eden space 276480K, 0% used [0x00000007aab00000,0x00000007aab00000,0x00000007bb900000)
  from space 36352K, 0% used [0x00000007bb900000,0x00000007bb900000,0x00000007bdc80000)
  to   space 36352K, 0% used [0x00000007bdc80000,0x00000007bdc80000,0x00000007c0000000)
 ParOldGen       total 137728K, used 93578K [0x0000000780000000, 0x0000000788680000, 0x00000007aab00000)
  object space 137728K, 67% used [0x0000000780000000,0x0000000785b629a8,0x0000000788680000)
 Metaspace       used 72958K, capacity 76180K, committed 76928K, reserved 1114112K
  class space    used 9736K, capacity 10979K, committed 11392K, reserved 1048576K
}
Event: 6838.544 GC heap before
{Heap before GC invocations=27 (full 9):
 PSYoungGen      total 312832K, used 276480K [0x00000007aab00000, 0x00000007c0000000, 0x00000007c0000000)
  eden space 276480K, 100% used [0x00000007aab00000,0x00000007bb900000,0x00000007bb900000)
  from space 36352K, 0% used [0x00000007bb900000,0x00000007bb900000,0x00000007bdc80000)
  to   space 36352K, 0% used [0x00000007bdc80000,0x00000007bdc80000,0x00000007c0000000)
 ParOldGen       total 137728K, used 93578K [0x0000000780000000, 0x0000000788680000, 0x00000007aab00000)
  object space 137728K, 67% used [0x0000000780000000,0x0000000785b629a8,0x0000000788680000)
 Metaspace       used 80892K, capacity 84732K, committed 84864K, reserved 1122304K
  class space    used 10844K, capacity 12326K, committed 12416K, reserved 1048576K
Event: 6838.568 GC heap after
Heap after GC invocations=27 (full 9):
 PSYoungGen      total 300544K, used 26980K [0x00000007aab00000, 0x00000007c0000000, 0x00000007c0000000)
  eden space 264192K, 0% used [0x00000007aab00000,0x00000007aab00000,0x00000007bad00000)
  from space 36352K, 74% used [0x00000007bdc80000,0x00000007bf6d93a8,0x00000007c0000000)
  to   space 42496K, 0% used [0x00000007bad00000,0x00000007bad00000,0x00000007bd680000)
 ParOldGen       total 137728K, used 93586K [0x0000000780000000, 0x0000000788680000, 0x00000007aab00000)
  object space 137728K, 67% used [0x0000000780000000,0x0000000785b649a8,0x0000000788680000)
 Metaspace       used 80892K, capacity 84732K, committed 84864K, reserved 1122304K
  class space    used 10844K, capacity 12326K, committed 12416K, reserved 1048576K
}
Event: 6839.171 GC heap before
{Heap before GC invocations=28 (full 9):
 PSYoungGen      total 300544K, used 54615K [0x00000007aab00000, 0x00000007c0000000, 0x00000007c0000000)
  eden space 264192K, 10% used [0x00000007aab00000,0x00000007ac5fc8b8,0x00000007bad00000)
  from space 36352K, 74% used [0x00000007bdc80000,0x00000007bf6d93a8,0x00000007c0000000)
  to   space 42496K, 0% used [0x00000007bad00000,0x00000007bad00000,0x00000007bd680000)
 ParOldGen       total 137728K, used 93586K [0x0000000780000000, 0x0000000788680000, 0x00000007aab00000)
  object space 137728K, 67% used [0x0000000780000000,0x0000000785b649a8,0x0000000788680000)
 Metaspace       used 81662K, capacity 85576K, committed 85760K, reserved 1122304K
  class space    used 10962K, capacity 12458K, committed 12544K, reserved 1048576K
Event: 6839.205 GC heap after
Heap after GC invocations=28 (full 9):
 PSYoungGen      total 306688K, used 20122K [0x00000007aab00000, 0x00000007bfe80000, 0x00000007c0000000)
  eden space 264192K, 0% used [0x00000007aab00000,0x00000007aab00000,0x00000007bad00000)
  from space 42496K, 47% used [0x00000007bad00000,0x00000007bc0a6ad0,0x00000007bd680000)
  to   space 40448K, 0% used [0x00000007bd700000,0x00000007bd700000,0x00000007bfe80000)
 ParOldGen       total 137728K, used 93594K [0x0000000780000000, 0x0000000788680000, 0x00000007aab00000)
  object space 137728K, 67% used [0x0000000780000000,0x0000000785b669a8,0x0000000788680000)
 Metaspace       used 81662K, capacity 85576K, committed 85760K, reserved 1122304K
  class space    used 10962K, capacity 12458K, committed 12544K, reserved 1048576K
}
Event: 6839.205 GC heap before
{Heap before GC invocations=29 (full 10):
 PSYoungGen      total 306688K, used 20122K [0x00000007aab00000, 0x00000007bfe80000, 0x00000007c0000000)
  eden space 264192K, 0% used [0x00000007aab00000,0x00000007aab00000,0x00000007bad00000)
  from space 42496K, 47% used [0x00000007bad00000,0x00000007bc0a6ad0,0x00000007bd680000)
  to   space 40448K, 0% used [0x00000007bd700000,0x00000007bd700000,0x00000007bfe80000)
 ParOldGen       total 137728K, used 93594K [0x0000000780000000, 0x0000000788680000, 0x00000007aab00000)
  object space 137728K, 67% used [0x0000000780000000,0x0000000785b669a8,0x0000000788680000)
 Metaspace       used 81662K, capacity 85576K, committed 85760K, reserved 1122304K
  class space    used 10962K, capacity 12458K, committed 12544K, reserved 1048576K
Event: 6839.596 GC heap after
Heap after GC invocations=29 (full 10):
 PSYoungGen      total 306688K, used 0K [0x00000007aab00000, 0x00000007bfe80000, 0x00000007c0000000)
  eden space 264192K, 0% used [0x00000007aab00000,0x00000007aab00000,0x00000007bad00000)
  from space 42496K, 0% used [0x00000007bad00000,0x00000007bad00000,0x00000007bd680000)
  to   space 40448K, 0% used [0x00000007bd700000,0x00000007bd700000,0x00000007bfe80000)
 ParOldGen       total 137728K, used 98716K [0x0000000780000000, 0x0000000788680000, 0x00000007aab00000)
  object space 137728K, 71% used [0x0000000780000000,0x00000007860670e8,0x0000000788680000)
 Metaspace       used 81493K, capacity 85184K, committed 85760K, reserved 1122304K
  class space    used 10896K, capacity 12304K, committed 12544K, reserved 1048576K
}

